[ERROR] 2017-11-16 23:05:15.512 [main] ComplexNumbers - Number of arguments is 0
[ERROR] 2017-11-16 23:05:15.512 [main] ComplexNumbers - This method should have parametrs
Trace: 
com.company.ComlpexNumber.ComplexNumbersTest.main(ComplexNumbersTest.java:32)
org.junit.runner.JUnitCore.run(JUnitCore.java:94)
org.junit.runner.JUnitCore.run(JUnitCore.java:105)
org.junit.runner.JUnitCore.run(JUnitCore.java:115)
org.junit.runner.JUnitCore.run(JUnitCore.java:137)
org.junit.runners.ParentRunner.run(ParentRunner.java:363)
org.junit.runners.ParentRunner$2.evaluate(ParentRunner.java:268)
org.junit.runners.ParentRunner.access$000(ParentRunner.java:58)
org.junit.runners.ParentRunner.runChildren(ParentRunner.java:288)
org.junit.runners.ParentRunner$1.schedule(ParentRunner.java:71)
org.junit.runners.ParentRunner$3.run(ParentRunner.java:290)
org.junit.runners.Suite.runChild(Suite.java:27)
org.junit.runners.Suite.runChild(Suite.java:128)
org.junit.runners.ParentRunner.run(ParentRunner.java:363)
org.junit.runners.ParentRunner$2.evaluate(ParentRunner.java:268)
org.junit.runners.ParentRunner.access$000(ParentRunner.java:58)
org.junit.runners.ParentRunner.runChildren(ParentRunner.java:288)
org.junit.runners.ParentRunner$1.schedule(ParentRunner.java:71)
org.junit.runners.ParentRunner$3.run(ParentRunner.java:290)
org.junit.runners.BlockJUnit4ClassRunner.runChild(BlockJUnit4ClassRunner.java:57)
org.junit.runners.BlockJUnit4ClassRunner.runChild(BlockJUnit4ClassRunner.java:78)
org.junit.runners.ParentRunner.runLeaf(ParentRunner.java:325)
org.junit.internal.runners.statements.RunAfters.evaluate(RunAfters.java:27)
org.junit.internal.runners.statements.RunBefores.evaluate(RunBefores.java:26)
org.junit.internal.runners.statements.InvokeMethod.evaluate(InvokeMethod.java:17)
org.junit.runners.model.FrameworkMethod.invokeExplosively(FrameworkMethod.java:47)
org.junit.internal.runners.model.ReflectiveCallable.run(ReflectiveCallable.java:12)
org.junit.runners.model.FrameworkMethod$1.runReflectiveCall(FrameworkMethod.java:50)
java.base/java.lang.reflect.Method.invoke(Method.java:564)
java.base/jdk.internal.reflect.DelegatingMethodAccessorImpl.invoke(DelegatingMethodAccessorImpl.java:43)
java.base/jdk.internal.reflect.NativeMethodAccessorImpl.invoke(NativeMethodAccessorImpl.java:62)
java.base/jdk.internal.reflect.NativeMethodAccessorImpl.invoke0(Native Method)
com.company.ComlpexNumber.ComplexNumbersTest.multiplicationOfDots(ComplexNumbersTest.java:91)
ComplexNumbers.multiplicationOfDots(ComplexNumbers.java:11)
ComplexNumbers.isDataValid(ComplexNumbers.java:46)

[ERROR] 2017-11-16 23:05:15.512 [main] Fraction - Number of denominator is 0
[ERROR] 2017-11-16 23:05:15.512 [main] Fraction - Divsion by zero
Trace: 
com.company.ComlpexNumber.ComplexNumbersTest.main(ComplexNumbersTest.java:32)
org.junit.runner.JUnitCore.run(JUnitCore.java:94)
org.junit.runner.JUnitCore.run(JUnitCore.java:105)
org.junit.runner.JUnitCore.run(JUnitCore.java:115)
org.junit.runner.JUnitCore.run(JUnitCore.java:137)
org.junit.runners.ParentRunner.run(ParentRunner.java:363)
org.junit.runners.ParentRunner$2.evaluate(ParentRunner.java:268)
org.junit.runners.ParentRunner.access$000(ParentRunner.java:58)
org.junit.runners.ParentRunner.runChildren(ParentRunner.java:288)
org.junit.runners.ParentRunner$1.schedule(ParentRunner.java:71)
org.junit.runners.ParentRunner$3.run(ParentRunner.java:290)
org.junit.runners.Suite.runChild(Suite.java:27)
org.junit.runners.Suite.runChild(Suite.java:128)
org.junit.runners.ParentRunner.run(ParentRunner.java:363)
org.junit.runners.ParentRunner$2.evaluate(ParentRunner.java:268)
org.junit.runners.ParentRunner.access$000(ParentRunner.java:58)
org.junit.runners.ParentRunner.runChildren(ParentRunner.java:288)
org.junit.runners.ParentRunner$1.schedule(ParentRunner.java:71)
org.junit.runners.ParentRunner$3.run(ParentRunner.java:290)
org.junit.runners.BlockJUnit4ClassRunner.runChild(BlockJUnit4ClassRunner.java:57)
org.junit.runners.BlockJUnit4ClassRunner.runChild(BlockJUnit4ClassRunner.java:78)
org.junit.runners.ParentRunner.runLeaf(ParentRunner.java:325)
org.junit.internal.runners.statements.RunAfters.evaluate(RunAfters.java:27)
org.junit.internal.runners.statements.RunBefores.evaluate(RunBefores.java:26)
org.junit.internal.runners.statements.InvokeMethod.evaluate(InvokeMethod.java:17)
org.junit.runners.model.FrameworkMethod.invokeExplosively(FrameworkMethod.java:47)
org.junit.internal.runners.model.ReflectiveCallable.run(ReflectiveCallable.java:12)
org.junit.runners.model.FrameworkMethod$1.runReflectiveCall(FrameworkMethod.java:50)
java.base/java.lang.reflect.Method.invoke(Method.java:564)
java.base/jdk.internal.reflect.DelegatingMethodAccessorImpl.invoke(DelegatingMethodAccessorImpl.java:43)
java.base/jdk.internal.reflect.NativeMethodAccessorImpl.invoke(NativeMethodAccessorImpl.java:62)
java.base/jdk.internal.reflect.NativeMethodAccessorImpl.invoke0(Native Method)
com.company.ComlpexNumber.ComplexNumbersTest.multiplicationOfDots(ComplexNumbersTest.java:91)
ComplexNumbers.multiplicationOfDots(ComplexNumbers.java:24)
Fraction.<init>(Fraction.java:14)

[ERROR] 2017-11-16 23:05:15.527 [main] Fraction - Number of denominator is 0
[ERROR] 2017-11-16 23:05:15.527 [main] Fraction - Divsion by zero
Trace: 
com.company.ComlpexNumber.ComplexNumbersTest.main(ComplexNumbersTest.java:32)
org.junit.runner.JUnitCore.run(JUnitCore.java:94)
org.junit.runner.JUnitCore.run(JUnitCore.java:105)
org.junit.runner.JUnitCore.run(JUnitCore.java:115)
org.junit.runner.JUnitCore.run(JUnitCore.java:137)
org.junit.runners.ParentRunner.run(ParentRunner.java:363)
org.junit.runners.ParentRunner$2.evaluate(ParentRunner.java:268)
org.junit.runners.ParentRunner.access$000(ParentRunner.java:58)
org.junit.runners.ParentRunner.runChildren(ParentRunner.java:288)
org.junit.runners.ParentRunner$1.schedule(ParentRunner.java:71)
org.junit.runners.ParentRunner$3.run(ParentRunner.java:290)
org.junit.runners.Suite.runChild(Suite.java:27)
org.junit.runners.Suite.runChild(Suite.java:128)
org.junit.runners.ParentRunner.run(ParentRunner.java:363)
org.junit.runners.ParentRunner$2.evaluate(ParentRunner.java:268)
org.junit.runners.ParentRunner.access$000(ParentRunner.java:58)
org.junit.runners.ParentRunner.runChildren(ParentRunner.java:288)
org.junit.runners.ParentRunner$1.schedule(ParentRunner.java:71)
org.junit.runners.ParentRunner$3.run(ParentRunner.java:290)
org.junit.runners.BlockJUnit4ClassRunner.runChild(BlockJUnit4ClassRunner.java:57)
org.junit.runners.BlockJUnit4ClassRunner.runChild(BlockJUnit4ClassRunner.java:78)
org.junit.runners.ParentRunner.runLeaf(ParentRunner.java:325)
org.junit.internal.runners.statements.RunAfters.evaluate(RunAfters.java:27)
org.junit.internal.runners.statements.RunBefores.evaluate(RunBefores.java:26)
org.junit.internal.runners.statements.InvokeMethod.evaluate(InvokeMethod.java:17)
org.junit.runners.model.FrameworkMethod.invokeExplosively(FrameworkMethod.java:47)
org.junit.internal.runners.model.ReflectiveCallable.run(ReflectiveCallable.java:12)
org.junit.runners.model.FrameworkMethod$1.runReflectiveCall(FrameworkMethod.java:50)
java.base/java.lang.reflect.Method.invoke(Method.java:564)
java.base/jdk.internal.reflect.DelegatingMethodAccessorImpl.invoke(DelegatingMethodAccessorImpl.java:43)
java.base/jdk.internal.reflect.NativeMethodAccessorImpl.invoke(NativeMethodAccessorImpl.java:62)
java.base/jdk.internal.reflect.NativeMethodAccessorImpl.invoke0(Native Method)
com.company.ComlpexNumber.ComplexNumbersTest.multiplicationOfDots(ComplexNumbersTest.java:91)
ComplexNumbers.multiplicationOfDots(ComplexNumbers.java:24)
Fraction.<init>(Fraction.java:14)

[ERROR] 2017-11-16 23:05:15.527 [main] ComplexNumbers - Number of arguments is 0
[ERROR] 2017-11-16 23:05:15.527 [main] ComplexNumbers - This method should have parametrs
Trace: 
com.company.ComlpexNumber.ComplexNumbersTest.main(ComplexNumbersTest.java:32)
org.junit.runner.JUnitCore.run(JUnitCore.java:94)
org.junit.runner.JUnitCore.run(JUnitCore.java:105)
org.junit.runner.JUnitCore.run(JUnitCore.java:115)
org.junit.runner.JUnitCore.run(JUnitCore.java:137)
org.junit.runners.ParentRunner.run(ParentRunner.java:363)
org.junit.runners.ParentRunner$2.evaluate(ParentRunner.java:268)
org.junit.runners.ParentRunner.access$000(ParentRunner.java:58)
org.junit.runners.ParentRunner.runChildren(ParentRunner.java:288)
org.junit.runners.ParentRunner$1.schedule(ParentRunner.java:71)
org.junit.runners.ParentRunner$3.run(ParentRunner.java:290)
org.junit.runners.Suite.runChild(Suite.java:27)
org.junit.runners.Suite.runChild(Suite.java:128)
org.junit.runners.ParentRunner.run(ParentRunner.java:363)
org.junit.runners.ParentRunner$2.evaluate(ParentRunner.java:268)
org.junit.runners.ParentRunner.access$000(ParentRunner.java:58)
org.junit.runners.ParentRunner.runChildren(ParentRunner.java:288)
org.junit.runners.ParentRunner$1.schedule(ParentRunner.java:71)
org.junit.runners.ParentRunner$3.run(ParentRunner.java:290)
org.junit.runners.BlockJUnit4ClassRunner.runChild(BlockJUnit4ClassRunner.java:57)
org.junit.runners.BlockJUnit4ClassRunner.runChild(BlockJUnit4ClassRunner.java:78)
org.junit.runners.ParentRunner.runLeaf(ParentRunner.java:325)
org.junit.internal.runners.statements.RunAfters.evaluate(RunAfters.java:27)
org.junit.internal.runners.statements.RunBefores.evaluate(RunBefores.java:26)
org.junit.internal.runners.statements.InvokeMethod.evaluate(InvokeMethod.java:17)
org.junit.runners.model.FrameworkMethod.invokeExplosively(FrameworkMethod.java:47)
org.junit.internal.runners.model.ReflectiveCallable.run(ReflectiveCallable.java:12)
org.junit.runners.model.FrameworkMethod$1.runReflectiveCall(FrameworkMethod.java:50)
java.base/java.lang.reflect.Method.invoke(Method.java:564)
java.base/jdk.internal.reflect.DelegatingMethodAccessorImpl.invoke(DelegatingMethodAccessorImpl.java:43)
java.base/jdk.internal.reflect.NativeMethodAccessorImpl.invoke(NativeMethodAccessorImpl.java:62)
java.base/jdk.internal.reflect.NativeMethodAccessorImpl.invoke0(Native Method)
com.company.ComlpexNumber.ComplexNumbersTest.sumOfDots(ComplexNumbersTest.java:73)
ComplexNumbers.sumOfDots(ComplexNumbers.java:28)
ComplexNumbers.isDataValid(ComplexNumbers.java:46)

[ERROR] 2017-11-16 23:05:15.543 [main] Fraction - Number of denominator is 0
[ERROR] 2017-11-16 23:05:15.543 [main] Fraction - Divsion by zero
Trace: 
com.company.ComlpexNumber.ComplexNumbersTest.main(ComplexNumbersTest.java:32)
org.junit.runner.JUnitCore.run(JUnitCore.java:94)
org.junit.runner.JUnitCore.run(JUnitCore.java:105)
org.junit.runner.JUnitCore.run(JUnitCore.java:115)
org.junit.runner.JUnitCore.run(JUnitCore.java:137)
org.junit.runners.ParentRunner.run(ParentRunner.java:363)
org.junit.runners.ParentRunner$2.evaluate(ParentRunner.java:268)
org.junit.runners.ParentRunner.access$000(ParentRunner.java:58)
org.junit.runners.ParentRunner.runChildren(ParentRunner.java:288)
org.junit.runners.ParentRunner$1.schedule(ParentRunner.java:71)
org.junit.runners.ParentRunner$3.run(ParentRunner.java:290)
org.junit.runners.Suite.runChild(Suite.java:27)
org.junit.runners.Suite.runChild(Suite.java:128)
org.junit.runners.ParentRunner.run(ParentRunner.java:363)
org.junit.runners.ParentRunner$2.evaluate(ParentRunner.java:268)
org.junit.runners.ParentRunner.access$000(ParentRunner.java:58)
org.junit.runners.ParentRunner.runChildren(ParentRunner.java:288)
org.junit.runners.ParentRunner$1.schedule(ParentRunner.java:71)
org.junit.runners.ParentRunner$3.run(ParentRunner.java:290)
org.junit.runners.BlockJUnit4ClassRunner.runChild(BlockJUnit4ClassRunner.java:57)
org.junit.runners.BlockJUnit4ClassRunner.runChild(BlockJUnit4ClassRunner.java:78)
org.junit.runners.ParentRunner.runLeaf(ParentRunner.java:325)
org.junit.internal.runners.statements.RunAfters.evaluate(RunAfters.java:27)
org.junit.internal.runners.statements.RunBefores.evaluate(RunBefores.java:26)
org.junit.internal.runners.statements.InvokeMethod.evaluate(InvokeMethod.java:17)
org.junit.runners.model.FrameworkMethod.invokeExplosively(FrameworkMethod.java:47)
org.junit.internal.runners.model.ReflectiveCallable.run(ReflectiveCallable.java:12)
org.junit.runners.model.FrameworkMethod$1.runReflectiveCall(FrameworkMethod.java:50)
java.base/java.lang.reflect.Method.invoke(Method.java:564)
java.base/jdk.internal.reflect.DelegatingMethodAccessorImpl.invoke(DelegatingMethodAccessorImpl.java:43)
java.base/jdk.internal.reflect.NativeMethodAccessorImpl.invoke(NativeMethodAccessorImpl.java:62)
java.base/jdk.internal.reflect.NativeMethodAccessorImpl.invoke0(Native Method)
com.company.ComlpexNumber.ComplexNumbersTest.sumOfDots(ComplexNumbersTest.java:73)
ComplexNumbers.sumOfDots(ComplexNumbers.java:41)
Fraction.<init>(Fraction.java:14)

[ERROR] 2017-11-16 23:05:15.543 [main] Fraction - Number of denominator is 0
[ERROR] 2017-11-16 23:05:15.543 [main] Fraction - Divsion by zero
Trace: 
com.company.ComlpexNumber.ComplexNumbersTest.main(ComplexNumbersTest.java:32)
org.junit.runner.JUnitCore.run(JUnitCore.java:94)
org.junit.runner.JUnitCore.run(JUnitCore.java:105)
org.junit.runner.JUnitCore.run(JUnitCore.java:115)
org.junit.runner.JUnitCore.run(JUnitCore.java:137)
org.junit.runners.ParentRunner.run(ParentRunner.java:363)
org.junit.runners.ParentRunner$2.evaluate(ParentRunner.java:268)
org.junit.runners.ParentRunner.access$000(ParentRunner.java:58)
org.junit.runners.ParentRunner.runChildren(ParentRunner.java:288)
org.junit.runners.ParentRunner$1.schedule(ParentRunner.java:71)
org.junit.runners.ParentRunner$3.run(ParentRunner.java:290)
org.junit.runners.Suite.runChild(Suite.java:27)
org.junit.runners.Suite.runChild(Suite.java:128)
org.junit.runners.ParentRunner.run(ParentRunner.java:363)
org.junit.runners.ParentRunner$2.evaluate(ParentRunner.java:268)
org.junit.runners.ParentRunner.access$000(ParentRunner.java:58)
org.junit.runners.ParentRunner.runChildren(ParentRunner.java:288)
org.junit.runners.ParentRunner$1.schedule(ParentRunner.java:71)
org.junit.runners.ParentRunner$3.run(ParentRunner.java:290)
org.junit.runners.BlockJUnit4ClassRunner.runChild(BlockJUnit4ClassRunner.java:57)
org.junit.runners.BlockJUnit4ClassRunner.runChild(BlockJUnit4ClassRunner.java:78)
org.junit.runners.ParentRunner.runLeaf(ParentRunner.java:325)
org.junit.internal.runners.statements.RunAfters.evaluate(RunAfters.java:27)
org.junit.internal.runners.statements.RunBefores.evaluate(RunBefores.java:26)
org.junit.internal.runners.statements.InvokeMethod.evaluate(InvokeMethod.java:17)
org.junit.runners.model.FrameworkMethod.invokeExplosively(FrameworkMethod.java:47)
org.junit.internal.runners.model.ReflectiveCallable.run(ReflectiveCallable.java:12)
org.junit.runners.model.FrameworkMethod$1.runReflectiveCall(FrameworkMethod.java:50)
java.base/java.lang.reflect.Method.invoke(Method.java:564)
java.base/jdk.internal.reflect.DelegatingMethodAccessorImpl.invoke(DelegatingMethodAccessorImpl.java:43)
java.base/jdk.internal.reflect.NativeMethodAccessorImpl.invoke(NativeMethodAccessorImpl.java:62)
java.base/jdk.internal.reflect.NativeMethodAccessorImpl.invoke0(Native Method)
com.company.ComlpexNumber.ComplexNumbersTest.sumOfDots(ComplexNumbersTest.java:73)
ComplexNumbers.sumOfDots(ComplexNumbers.java:41)
Fraction.<init>(Fraction.java:14)

[ERROR] 2017-11-16 23:06:14.973 [main] ComplexNumbers - Number of arguments is 0
[ERROR] 2017-11-16 23:06:14.973 [main] ComplexNumbers - This method should have parametrs
Trace: 
com.intellij.rt.execution.junit.JUnitStarter.main(JUnitStarter.java:70)
com.intellij.rt.execution.junit.JUnitStarter.prepareStreamsAndStart(JUnitStarter.java:242)
com.intellij.rt.execution.junit.IdeaTestRunner$Repeater.startRunnerWithArgs(IdeaTestRunner.java:47)
com.intellij.junit4.JUnit4IdeaTestRunner.startRunnerWithArgs(JUnit4IdeaTestRunner.java:68)
org.junit.runner.JUnitCore.run(JUnitCore.java:137)
org.junit.runners.ParentRunner.run(ParentRunner.java:363)
org.junit.runners.ParentRunner$2.evaluate(ParentRunner.java:268)
org.junit.runners.ParentRunner.access$000(ParentRunner.java:58)
org.junit.runners.ParentRunner.runChildren(ParentRunner.java:288)
org.junit.runners.ParentRunner$1.schedule(ParentRunner.java:71)
org.junit.runners.ParentRunner$3.run(ParentRunner.java:290)
org.junit.runners.BlockJUnit4ClassRunner.runChild(BlockJUnit4ClassRunner.java:57)
org.junit.runners.BlockJUnit4ClassRunner.runChild(BlockJUnit4ClassRunner.java:78)
org.junit.runners.ParentRunner.runLeaf(ParentRunner.java:325)
org.junit.internal.runners.statements.RunAfters.evaluate(RunAfters.java:27)
org.junit.internal.runners.statements.RunBefores.evaluate(RunBefores.java:26)
org.junit.internal.runners.statements.InvokeMethod.evaluate(InvokeMethod.java:17)
org.junit.runners.model.FrameworkMethod.invokeExplosively(FrameworkMethod.java:47)
org.junit.internal.runners.model.ReflectiveCallable.run(ReflectiveCallable.java:12)
org.junit.runners.model.FrameworkMethod$1.runReflectiveCall(FrameworkMethod.java:50)
java.base/java.lang.reflect.Method.invoke(Method.java:564)
java.base/jdk.internal.reflect.DelegatingMethodAccessorImpl.invoke(DelegatingMethodAccessorImpl.java:43)
java.base/jdk.internal.reflect.NativeMethodAccessorImpl.invoke(NativeMethodAccessorImpl.java:62)
java.base/jdk.internal.reflect.NativeMethodAccessorImpl.invoke0(Native Method)
com.company.ComlpexNumber.ComplexNumbersTest.sumOfDots(ComplexNumbersTest.java:73)
ComplexNumbers.sumOfDots(ComplexNumbers.java:28)
ComplexNumbers.isDataValid(ComplexNumbers.java:46)

[ERROR] 2017-11-16 23:06:14.973 [main] Fraction - Number of denominator is 0
[ERROR] 2017-11-16 23:06:14.973 [main] Fraction - Divsion by zero
Trace: 
com.intellij.rt.execution.junit.JUnitStarter.main(JUnitStarter.java:70)
com.intellij.rt.execution.junit.JUnitStarter.prepareStreamsAndStart(JUnitStarter.java:242)
com.intellij.rt.execution.junit.IdeaTestRunner$Repeater.startRunnerWithArgs(IdeaTestRunner.java:47)
com.intellij.junit4.JUnit4IdeaTestRunner.startRunnerWithArgs(JUnit4IdeaTestRunner.java:68)
org.junit.runner.JUnitCore.run(JUnitCore.java:137)
org.junit.runners.ParentRunner.run(ParentRunner.java:363)
org.junit.runners.ParentRunner$2.evaluate(ParentRunner.java:268)
org.junit.runners.ParentRunner.access$000(ParentRunner.java:58)
org.junit.runners.ParentRunner.runChildren(ParentRunner.java:288)
org.junit.runners.ParentRunner$1.schedule(ParentRunner.java:71)
org.junit.runners.ParentRunner$3.run(ParentRunner.java:290)
org.junit.runners.BlockJUnit4ClassRunner.runChild(BlockJUnit4ClassRunner.java:57)
org.junit.runners.BlockJUnit4ClassRunner.runChild(BlockJUnit4ClassRunner.java:78)
org.junit.runners.ParentRunner.runLeaf(ParentRunner.java:325)
org.junit.internal.runners.statements.RunAfters.evaluate(RunAfters.java:27)
org.junit.internal.runners.statements.RunBefores.evaluate(RunBefores.java:26)
org.junit.internal.runners.statements.InvokeMethod.evaluate(InvokeMethod.java:17)
org.junit.runners.model.FrameworkMethod.invokeExplosively(FrameworkMethod.java:47)
org.junit.internal.runners.model.ReflectiveCallable.run(ReflectiveCallable.java:12)
org.junit.runners.model.FrameworkMethod$1.runReflectiveCall(FrameworkMethod.java:50)
java.base/java.lang.reflect.Method.invoke(Method.java:564)
java.base/jdk.internal.reflect.DelegatingMethodAccessorImpl.invoke(DelegatingMethodAccessorImpl.java:43)
java.base/jdk.internal.reflect.NativeMethodAccessorImpl.invoke(NativeMethodAccessorImpl.java:62)
java.base/jdk.internal.reflect.NativeMethodAccessorImpl.invoke0(Native Method)
com.company.ComlpexNumber.ComplexNumbersTest.sumOfDots(ComplexNumbersTest.java:73)
ComplexNumbers.sumOfDots(ComplexNumbers.java:41)
Fraction.<init>(Fraction.java:14)

[ERROR] 2017-11-16 23:06:14.989 [main] Fraction - Number of denominator is 0
[ERROR] 2017-11-16 23:06:14.989 [main] Fraction - Divsion by zero
Trace: 
com.intellij.rt.execution.junit.JUnitStarter.main(JUnitStarter.java:70)
com.intellij.rt.execution.junit.JUnitStarter.prepareStreamsAndStart(JUnitStarter.java:242)
com.intellij.rt.execution.junit.IdeaTestRunner$Repeater.startRunnerWithArgs(IdeaTestRunner.java:47)
com.intellij.junit4.JUnit4IdeaTestRunner.startRunnerWithArgs(JUnit4IdeaTestRunner.java:68)
org.junit.runner.JUnitCore.run(JUnitCore.java:137)
org.junit.runners.ParentRunner.run(ParentRunner.java:363)
org.junit.runners.ParentRunner$2.evaluate(ParentRunner.java:268)
org.junit.runners.ParentRunner.access$000(ParentRunner.java:58)
org.junit.runners.ParentRunner.runChildren(ParentRunner.java:288)
org.junit.runners.ParentRunner$1.schedule(ParentRunner.java:71)
org.junit.runners.ParentRunner$3.run(ParentRunner.java:290)
org.junit.runners.BlockJUnit4ClassRunner.runChild(BlockJUnit4ClassRunner.java:57)
org.junit.runners.BlockJUnit4ClassRunner.runChild(BlockJUnit4ClassRunner.java:78)
org.junit.runners.ParentRunner.runLeaf(ParentRunner.java:325)
org.junit.internal.runners.statements.RunAfters.evaluate(RunAfters.java:27)
org.junit.internal.runners.statements.RunBefores.evaluate(RunBefores.java:26)
org.junit.internal.runners.statements.InvokeMethod.evaluate(InvokeMethod.java:17)
org.junit.runners.model.FrameworkMethod.invokeExplosively(FrameworkMethod.java:47)
org.junit.internal.runners.model.ReflectiveCallable.run(ReflectiveCallable.java:12)
org.junit.runners.model.FrameworkMethod$1.runReflectiveCall(FrameworkMethod.java:50)
java.base/java.lang.reflect.Method.invoke(Method.java:564)
java.base/jdk.internal.reflect.DelegatingMethodAccessorImpl.invoke(DelegatingMethodAccessorImpl.java:43)
java.base/jdk.internal.reflect.NativeMethodAccessorImpl.invoke(NativeMethodAccessorImpl.java:62)
java.base/jdk.internal.reflect.NativeMethodAccessorImpl.invoke0(Native Method)
com.company.ComlpexNumber.ComplexNumbersTest.sumOfDots(ComplexNumbersTest.java:73)
ComplexNumbers.sumOfDots(ComplexNumbers.java:41)
Fraction.<init>(Fraction.java:14)

[ERROR] 2017-11-16 23:07:16.878 [main] ComplexNumbers - Number of arguments is 0
[ERROR] 2017-11-16 23:07:16.878 [main] ComplexNumbers - This method should have parametrs
Trace: 
com.intellij.rt.execution.junit.JUnitStarter.main(JUnitStarter.java:70)
com.intellij.rt.execution.junit.JUnitStarter.prepareStreamsAndStart(JUnitStarter.java:242)
com.intellij.rt.execution.junit.IdeaTestRunner$Repeater.startRunnerWithArgs(IdeaTestRunner.java:47)
com.intellij.junit4.JUnit4IdeaTestRunner.startRunnerWithArgs(JUnit4IdeaTestRunner.java:68)
org.junit.runner.JUnitCore.run(JUnitCore.java:137)
org.junit.runners.ParentRunner.run(ParentRunner.java:363)
org.junit.runners.ParentRunner$2.evaluate(ParentRunner.java:268)
org.junit.runners.ParentRunner.access$000(ParentRunner.java:58)
org.junit.runners.ParentRunner.runChildren(ParentRunner.java:288)
org.junit.runners.ParentRunner$1.schedule(ParentRunner.java:71)
org.junit.runners.ParentRunner$3.run(ParentRunner.java:290)
org.junit.runners.BlockJUnit4ClassRunner.runChild(BlockJUnit4ClassRunner.java:57)
org.junit.runners.BlockJUnit4ClassRunner.runChild(BlockJUnit4ClassRunner.java:78)
org.junit.runners.ParentRunner.runLeaf(ParentRunner.java:325)
org.junit.internal.runners.statements.RunAfters.evaluate(RunAfters.java:27)
org.junit.internal.runners.statements.RunBefores.evaluate(RunBefores.java:26)
org.junit.internal.runners.statements.InvokeMethod.evaluate(InvokeMethod.java:17)
org.junit.runners.model.FrameworkMethod.invokeExplosively(FrameworkMethod.java:47)
org.junit.internal.runners.model.ReflectiveCallable.run(ReflectiveCallable.java:12)
org.junit.runners.model.FrameworkMethod$1.runReflectiveCall(FrameworkMethod.java:50)
java.base/java.lang.reflect.Method.invoke(Method.java:564)
java.base/jdk.internal.reflect.DelegatingMethodAccessorImpl.invoke(DelegatingMethodAccessorImpl.java:43)
java.base/jdk.internal.reflect.NativeMethodAccessorImpl.invoke(NativeMethodAccessorImpl.java:62)
java.base/jdk.internal.reflect.NativeMethodAccessorImpl.invoke0(Native Method)
com.company.ComlpexNumber.ComplexNumbersTest.sumOfDots(ComplexNumbersTest.java:73)
ComplexNumbers.sumOfDots(ComplexNumbers.java:28)
ComplexNumbers.isDataValid(ComplexNumbers.java:46)

[ERROR] 2017-11-16 23:07:49.209 [main] ComplexNumbers - Number of arguments is 0
[ERROR] 2017-11-16 23:07:49.209 [main] ComplexNumbers - This method should have parametrs
Trace: 
com.intellij.rt.execution.junit.JUnitStarter.main(JUnitStarter.java:70)
com.intellij.rt.execution.junit.JUnitStarter.prepareStreamsAndStart(JUnitStarter.java:242)
com.intellij.rt.execution.junit.IdeaTestRunner$Repeater.startRunnerWithArgs(IdeaTestRunner.java:47)
com.intellij.junit4.JUnit4IdeaTestRunner.startRunnerWithArgs(JUnit4IdeaTestRunner.java:68)
org.junit.runner.JUnitCore.run(JUnitCore.java:137)
org.junit.runners.ParentRunner.run(ParentRunner.java:363)
org.junit.runners.ParentRunner$2.evaluate(ParentRunner.java:268)
org.junit.runners.ParentRunner.access$000(ParentRunner.java:58)
org.junit.runners.ParentRunner.runChildren(ParentRunner.java:288)
org.junit.runners.ParentRunner$1.schedule(ParentRunner.java:71)
org.junit.runners.ParentRunner$3.run(ParentRunner.java:290)
org.junit.runners.BlockJUnit4ClassRunner.runChild(BlockJUnit4ClassRunner.java:57)
org.junit.runners.BlockJUnit4ClassRunner.runChild(BlockJUnit4ClassRunner.java:78)
org.junit.runners.ParentRunner.runLeaf(ParentRunner.java:325)
org.junit.internal.runners.statements.RunAfters.evaluate(RunAfters.java:27)
org.junit.internal.runners.statements.RunBefores.evaluate(RunBefores.java:26)
org.junit.internal.runners.statements.InvokeMethod.evaluate(InvokeMethod.java:17)
org.junit.runners.model.FrameworkMethod.invokeExplosively(FrameworkMethod.java:47)
org.junit.internal.runners.model.ReflectiveCallable.run(ReflectiveCallable.java:12)
org.junit.runners.model.FrameworkMethod$1.runReflectiveCall(FrameworkMethod.java:50)
java.base/java.lang.reflect.Method.invoke(Method.java:564)
java.base/jdk.internal.reflect.DelegatingMethodAccessorImpl.invoke(DelegatingMethodAccessorImpl.java:43)
java.base/jdk.internal.reflect.NativeMethodAccessorImpl.invoke(NativeMethodAccessorImpl.java:62)
java.base/jdk.internal.reflect.NativeMethodAccessorImpl.invoke0(Native Method)
com.company.ComlpexNumber.ComplexNumbersTest.sumOfDots(ComplexNumbersTest.java:73)
ComplexNumbers.sumOfDots(ComplexNumbers.java:28)
ComplexNumbers.isDataValid(ComplexNumbers.java:46)

[ERROR] 2017-11-16 23:07:58.089 [main] ComplexNumbers - Number of arguments is 0
[ERROR] 2017-11-16 23:07:58.089 [main] ComplexNumbers - This method should have parametrs
Trace: 
com.intellij.rt.execution.junit.JUnitStarter.main(JUnitStarter.java:70)
com.intellij.rt.execution.junit.JUnitStarter.prepareStreamsAndStart(JUnitStarter.java:242)
com.intellij.rt.execution.junit.IdeaTestRunner$Repeater.startRunnerWithArgs(IdeaTestRunner.java:47)
com.intellij.junit4.JUnit4IdeaTestRunner.startRunnerWithArgs(JUnit4IdeaTestRunner.java:68)
org.junit.runner.JUnitCore.run(JUnitCore.java:137)
org.junit.runners.ParentRunner.run(ParentRunner.java:363)
org.junit.runners.ParentRunner$2.evaluate(ParentRunner.java:268)
org.junit.runners.ParentRunner.access$000(ParentRunner.java:58)
org.junit.runners.ParentRunner.runChildren(ParentRunner.java:288)
org.junit.runners.ParentRunner$1.schedule(ParentRunner.java:71)
org.junit.runners.ParentRunner$3.run(ParentRunner.java:290)
org.junit.runners.BlockJUnit4ClassRunner.runChild(BlockJUnit4ClassRunner.java:57)
org.junit.runners.BlockJUnit4ClassRunner.runChild(BlockJUnit4ClassRunner.java:78)
org.junit.runners.ParentRunner.runLeaf(ParentRunner.java:325)
org.junit.internal.runners.statements.RunAfters.evaluate(RunAfters.java:27)
org.junit.internal.runners.statements.RunBefores.evaluate(RunBefores.java:26)
org.junit.internal.runners.statements.InvokeMethod.evaluate(InvokeMethod.java:17)
org.junit.runners.model.FrameworkMethod.invokeExplosively(FrameworkMethod.java:47)
org.junit.internal.runners.model.ReflectiveCallable.run(ReflectiveCallable.java:12)
org.junit.runners.model.FrameworkMethod$1.runReflectiveCall(FrameworkMethod.java:50)
java.base/java.lang.reflect.Method.invoke(Method.java:564)
java.base/jdk.internal.reflect.DelegatingMethodAccessorImpl.invoke(DelegatingMethodAccessorImpl.java:43)
java.base/jdk.internal.reflect.NativeMethodAccessorImpl.invoke(NativeMethodAccessorImpl.java:62)
java.base/jdk.internal.reflect.NativeMethodAccessorImpl.invoke0(Native Method)
com.company.ComlpexNumber.ComplexNumbersTest.multiplicationOfDots(ComplexNumbersTest.java:91)
ComplexNumbers.multiplicationOfDots(ComplexNumbers.java:11)
ComplexNumbers.isDataValid(ComplexNumbers.java:46)

[ERROR] 2017-11-16 23:07:58.089 [main] Fraction - Number of denominator is 0
[ERROR] 2017-11-16 23:07:58.089 [main] Fraction - Divsion by zero
Trace: 
com.intellij.rt.execution.junit.JUnitStarter.main(JUnitStarter.java:70)
com.intellij.rt.execution.junit.JUnitStarter.prepareStreamsAndStart(JUnitStarter.java:242)
com.intellij.rt.execution.junit.IdeaTestRunner$Repeater.startRunnerWithArgs(IdeaTestRunner.java:47)
com.intellij.junit4.JUnit4IdeaTestRunner.startRunnerWithArgs(JUnit4IdeaTestRunner.java:68)
org.junit.runner.JUnitCore.run(JUnitCore.java:137)
org.junit.runners.ParentRunner.run(ParentRunner.java:363)
org.junit.runners.ParentRunner$2.evaluate(ParentRunner.java:268)
org.junit.runners.ParentRunner.access$000(ParentRunner.java:58)
org.junit.runners.ParentRunner.runChildren(ParentRunner.java:288)
org.junit.runners.ParentRunner$1.schedule(ParentRunner.java:71)
org.junit.runners.ParentRunner$3.run(ParentRunner.java:290)
org.junit.runners.BlockJUnit4ClassRunner.runChild(BlockJUnit4ClassRunner.java:57)
org.junit.runners.BlockJUnit4ClassRunner.runChild(BlockJUnit4ClassRunner.java:78)
org.junit.runners.ParentRunner.runLeaf(ParentRunner.java:325)
org.junit.internal.runners.statements.RunAfters.evaluate(RunAfters.java:27)
org.junit.internal.runners.statements.RunBefores.evaluate(RunBefores.java:26)
org.junit.internal.runners.statements.InvokeMethod.evaluate(InvokeMethod.java:17)
org.junit.runners.model.FrameworkMethod.invokeExplosively(FrameworkMethod.java:47)
org.junit.internal.runners.model.ReflectiveCallable.run(ReflectiveCallable.java:12)
org.junit.runners.model.FrameworkMethod$1.runReflectiveCall(FrameworkMethod.java:50)
java.base/java.lang.reflect.Method.invoke(Method.java:564)
java.base/jdk.internal.reflect.DelegatingMethodAccessorImpl.invoke(DelegatingMethodAccessorImpl.java:43)
java.base/jdk.internal.reflect.NativeMethodAccessorImpl.invoke(NativeMethodAccessorImpl.java:62)
java.base/jdk.internal.reflect.NativeMethodAccessorImpl.invoke0(Native Method)
com.company.ComlpexNumber.ComplexNumbersTest.multiplicationOfDots(ComplexNumbersTest.java:91)
ComplexNumbers.multiplicationOfDots(ComplexNumbers.java:24)
Fraction.<init>(Fraction.java:14)

[ERROR] 2017-11-16 23:07:58.105 [main] Fraction - Number of denominator is 0
[ERROR] 2017-11-16 23:07:58.105 [main] Fraction - Divsion by zero
Trace: 
com.intellij.rt.execution.junit.JUnitStarter.main(JUnitStarter.java:70)
com.intellij.rt.execution.junit.JUnitStarter.prepareStreamsAndStart(JUnitStarter.java:242)
com.intellij.rt.execution.junit.IdeaTestRunner$Repeater.startRunnerWithArgs(IdeaTestRunner.java:47)
com.intellij.junit4.JUnit4IdeaTestRunner.startRunnerWithArgs(JUnit4IdeaTestRunner.java:68)
org.junit.runner.JUnitCore.run(JUnitCore.java:137)
org.junit.runners.ParentRunner.run(ParentRunner.java:363)
org.junit.runners.ParentRunner$2.evaluate(ParentRunner.java:268)
org.junit.runners.ParentRunner.access$000(ParentRunner.java:58)
org.junit.runners.ParentRunner.runChildren(ParentRunner.java:288)
org.junit.runners.ParentRunner$1.schedule(ParentRunner.java:71)
org.junit.runners.ParentRunner$3.run(ParentRunner.java:290)
org.junit.runners.BlockJUnit4ClassRunner.runChild(BlockJUnit4ClassRunner.java:57)
org.junit.runners.BlockJUnit4ClassRunner.runChild(BlockJUnit4ClassRunner.java:78)
org.junit.runners.ParentRunner.runLeaf(ParentRunner.java:325)
org.junit.internal.runners.statements.RunAfters.evaluate(RunAfters.java:27)
org.junit.internal.runners.statements.RunBefores.evaluate(RunBefores.java:26)
org.junit.internal.runners.statements.InvokeMethod.evaluate(InvokeMethod.java:17)
org.junit.runners.model.FrameworkMethod.invokeExplosively(FrameworkMethod.java:47)
org.junit.internal.runners.model.ReflectiveCallable.run(ReflectiveCallable.java:12)
org.junit.runners.model.FrameworkMethod$1.runReflectiveCall(FrameworkMethod.java:50)
java.base/java.lang.reflect.Method.invoke(Method.java:564)
java.base/jdk.internal.reflect.DelegatingMethodAccessorImpl.invoke(DelegatingMethodAccessorImpl.java:43)
java.base/jdk.internal.reflect.NativeMethodAccessorImpl.invoke(NativeMethodAccessorImpl.java:62)
java.base/jdk.internal.reflect.NativeMethodAccessorImpl.invoke0(Native Method)
com.company.ComlpexNumber.ComplexNumbersTest.multiplicationOfDots(ComplexNumbersTest.java:91)
ComplexNumbers.multiplicationOfDots(ComplexNumbers.java:24)
Fraction.<init>(Fraction.java:14)

[ERROR] 2017-11-16 23:07:58.126 [main] ComplexNumbers - Number of arguments is 0
[ERROR] 2017-11-16 23:07:58.126 [main] ComplexNumbers - This method should have parametrs
Trace: 
com.intellij.rt.execution.junit.JUnitStarter.main(JUnitStarter.java:70)
com.intellij.rt.execution.junit.JUnitStarter.prepareStreamsAndStart(JUnitStarter.java:242)
com.intellij.rt.execution.junit.IdeaTestRunner$Repeater.startRunnerWithArgs(IdeaTestRunner.java:47)
com.intellij.junit4.JUnit4IdeaTestRunner.startRunnerWithArgs(JUnit4IdeaTestRunner.java:68)
org.junit.runner.JUnitCore.run(JUnitCore.java:137)
org.junit.runners.ParentRunner.run(ParentRunner.java:363)
org.junit.runners.ParentRunner$2.evaluate(ParentRunner.java:268)
org.junit.runners.ParentRunner.access$000(ParentRunner.java:58)
org.junit.runners.ParentRunner.runChildren(ParentRunner.java:288)
org.junit.runners.ParentRunner$1.schedule(ParentRunner.java:71)
org.junit.runners.ParentRunner$3.run(ParentRunner.java:290)
org.junit.runners.BlockJUnit4ClassRunner.runChild(BlockJUnit4ClassRunner.java:57)
org.junit.runners.BlockJUnit4ClassRunner.runChild(BlockJUnit4ClassRunner.java:78)
org.junit.runners.ParentRunner.runLeaf(ParentRunner.java:325)
org.junit.internal.runners.statements.RunAfters.evaluate(RunAfters.java:27)
org.junit.internal.runners.statements.RunBefores.evaluate(RunBefores.java:26)
org.junit.internal.runners.statements.InvokeMethod.evaluate(InvokeMethod.java:17)
org.junit.runners.model.FrameworkMethod.invokeExplosively(FrameworkMethod.java:47)
org.junit.internal.runners.model.ReflectiveCallable.run(ReflectiveCallable.java:12)
org.junit.runners.model.FrameworkMethod$1.runReflectiveCall(FrameworkMethod.java:50)
java.base/java.lang.reflect.Method.invoke(Method.java:564)
java.base/jdk.internal.reflect.DelegatingMethodAccessorImpl.invoke(DelegatingMethodAccessorImpl.java:43)
java.base/jdk.internal.reflect.NativeMethodAccessorImpl.invoke(NativeMethodAccessorImpl.java:62)
java.base/jdk.internal.reflect.NativeMethodAccessorImpl.invoke0(Native Method)
com.company.ComlpexNumber.ComplexNumbersTest.sumOfDots(ComplexNumbersTest.java:73)
ComplexNumbers.sumOfDots(ComplexNumbers.java:28)
ComplexNumbers.isDataValid(ComplexNumbers.java:46)

[ERROR] 2017-11-16 23:08:20.108 [main] ComplexNumbers - Number of arguments is 0
[ERROR] 2017-11-16 23:08:20.123 [main] ComplexNumbers - This method should have parametrs
Trace: 
com.intellij.rt.execution.junit.JUnitStarter.main(JUnitStarter.java:70)
com.intellij.rt.execution.junit.JUnitStarter.prepareStreamsAndStart(JUnitStarter.java:242)
com.intellij.rt.execution.junit.IdeaTestRunner$Repeater.startRunnerWithArgs(IdeaTestRunner.java:47)
com.intellij.junit4.JUnit4IdeaTestRunner.startRunnerWithArgs(JUnit4IdeaTestRunner.java:68)
org.junit.runner.JUnitCore.run(JUnitCore.java:137)
org.junit.runners.ParentRunner.run(ParentRunner.java:363)
org.junit.runners.ParentRunner$2.evaluate(ParentRunner.java:268)
org.junit.runners.ParentRunner.access$000(ParentRunner.java:58)
org.junit.runners.ParentRunner.runChildren(ParentRunner.java:288)
org.junit.runners.ParentRunner$1.schedule(ParentRunner.java:71)
org.junit.runners.ParentRunner$3.run(ParentRunner.java:290)
org.junit.runners.BlockJUnit4ClassRunner.runChild(BlockJUnit4ClassRunner.java:57)
org.junit.runners.BlockJUnit4ClassRunner.runChild(BlockJUnit4ClassRunner.java:78)
org.junit.runners.ParentRunner.runLeaf(ParentRunner.java:325)
org.junit.internal.runners.statements.RunAfters.evaluate(RunAfters.java:27)
org.junit.internal.runners.statements.RunBefores.evaluate(RunBefores.java:26)
org.junit.internal.runners.statements.InvokeMethod.evaluate(InvokeMethod.java:17)
org.junit.runners.model.FrameworkMethod.invokeExplosively(FrameworkMethod.java:47)
org.junit.internal.runners.model.ReflectiveCallable.run(ReflectiveCallable.java:12)
org.junit.runners.model.FrameworkMethod$1.runReflectiveCall(FrameworkMethod.java:50)
java.base/java.lang.reflect.Method.invoke(Method.java:564)
java.base/jdk.internal.reflect.DelegatingMethodAccessorImpl.invoke(DelegatingMethodAccessorImpl.java:43)
java.base/jdk.internal.reflect.NativeMethodAccessorImpl.invoke(NativeMethodAccessorImpl.java:62)
java.base/jdk.internal.reflect.NativeMethodAccessorImpl.invoke0(Native Method)
com.company.ComlpexNumber.ComplexNumbersTest.multiplicationOfDots(ComplexNumbersTest.java:91)
ComplexNumbers.multiplicationOfDots(ComplexNumbers.java:11)
ComplexNumbers.isDataValid(ComplexNumbers.java:46)

[ERROR] 2017-11-16 23:08:20.123 [main] Fraction - Number of denominator is 0
[ERROR] 2017-11-16 23:08:20.123 [main] Fraction - Divsion by zero
Trace: 
com.intellij.rt.execution.junit.JUnitStarter.main(JUnitStarter.java:70)
com.intellij.rt.execution.junit.JUnitStarter.prepareStreamsAndStart(JUnitStarter.java:242)
com.intellij.rt.execution.junit.IdeaTestRunner$Repeater.startRunnerWithArgs(IdeaTestRunner.java:47)
com.intellij.junit4.JUnit4IdeaTestRunner.startRunnerWithArgs(JUnit4IdeaTestRunner.java:68)
org.junit.runner.JUnitCore.run(JUnitCore.java:137)
org.junit.runners.ParentRunner.run(ParentRunner.java:363)
org.junit.runners.ParentRunner$2.evaluate(ParentRunner.java:268)
org.junit.runners.ParentRunner.access$000(ParentRunner.java:58)
org.junit.runners.ParentRunner.runChildren(ParentRunner.java:288)
org.junit.runners.ParentRunner$1.schedule(ParentRunner.java:71)
org.junit.runners.ParentRunner$3.run(ParentRunner.java:290)
org.junit.runners.BlockJUnit4ClassRunner.runChild(BlockJUnit4ClassRunner.java:57)
org.junit.runners.BlockJUnit4ClassRunner.runChild(BlockJUnit4ClassRunner.java:78)
org.junit.runners.ParentRunner.runLeaf(ParentRunner.java:325)
org.junit.internal.runners.statements.RunAfters.evaluate(RunAfters.java:27)
org.junit.internal.runners.statements.RunBefores.evaluate(RunBefores.java:26)
org.junit.internal.runners.statements.InvokeMethod.evaluate(InvokeMethod.java:17)
org.junit.runners.model.FrameworkMethod.invokeExplosively(FrameworkMethod.java:47)
org.junit.internal.runners.model.ReflectiveCallable.run(ReflectiveCallable.java:12)
org.junit.runners.model.FrameworkMethod$1.runReflectiveCall(FrameworkMethod.java:50)
java.base/java.lang.reflect.Method.invoke(Method.java:564)
java.base/jdk.internal.reflect.DelegatingMethodAccessorImpl.invoke(DelegatingMethodAccessorImpl.java:43)
java.base/jdk.internal.reflect.NativeMethodAccessorImpl.invoke(NativeMethodAccessorImpl.java:62)
java.base/jdk.internal.reflect.NativeMethodAccessorImpl.invoke0(Native Method)
com.company.ComlpexNumber.ComplexNumbersTest.multiplicationOfDots(ComplexNumbersTest.java:91)
ComplexNumbers.multiplicationOfDots(ComplexNumbers.java:24)
Fraction.<init>(Fraction.java:14)

[ERROR] 2017-11-16 23:08:20.139 [main] Fraction - Number of denominator is 0
[ERROR] 2017-11-16 23:08:20.139 [main] Fraction - Divsion by zero
Trace: 
com.intellij.rt.execution.junit.JUnitStarter.main(JUnitStarter.java:70)
com.intellij.rt.execution.junit.JUnitStarter.prepareStreamsAndStart(JUnitStarter.java:242)
com.intellij.rt.execution.junit.IdeaTestRunner$Repeater.startRunnerWithArgs(IdeaTestRunner.java:47)
com.intellij.junit4.JUnit4IdeaTestRunner.startRunnerWithArgs(JUnit4IdeaTestRunner.java:68)
org.junit.runner.JUnitCore.run(JUnitCore.java:137)
org.junit.runners.ParentRunner.run(ParentRunner.java:363)
org.junit.runners.ParentRunner$2.evaluate(ParentRunner.java:268)
org.junit.runners.ParentRunner.access$000(ParentRunner.java:58)
org.junit.runners.ParentRunner.runChildren(ParentRunner.java:288)
org.junit.runners.ParentRunner$1.schedule(ParentRunner.java:71)
org.junit.runners.ParentRunner$3.run(ParentRunner.java:290)
org.junit.runners.BlockJUnit4ClassRunner.runChild(BlockJUnit4ClassRunner.java:57)
org.junit.runners.BlockJUnit4ClassRunner.runChild(BlockJUnit4ClassRunner.java:78)
org.junit.runners.ParentRunner.runLeaf(ParentRunner.java:325)
org.junit.internal.runners.statements.RunAfters.evaluate(RunAfters.java:27)
org.junit.internal.runners.statements.RunBefores.evaluate(RunBefores.java:26)
org.junit.internal.runners.statements.InvokeMethod.evaluate(InvokeMethod.java:17)
org.junit.runners.model.FrameworkMethod.invokeExplosively(FrameworkMethod.java:47)
org.junit.internal.runners.model.ReflectiveCallable.run(ReflectiveCallable.java:12)
org.junit.runners.model.FrameworkMethod$1.runReflectiveCall(FrameworkMethod.java:50)
java.base/java.lang.reflect.Method.invoke(Method.java:564)
java.base/jdk.internal.reflect.DelegatingMethodAccessorImpl.invoke(DelegatingMethodAccessorImpl.java:43)
java.base/jdk.internal.reflect.NativeMethodAccessorImpl.invoke(NativeMethodAccessorImpl.java:62)
java.base/jdk.internal.reflect.NativeMethodAccessorImpl.invoke0(Native Method)
com.company.ComlpexNumber.ComplexNumbersTest.multiplicationOfDots(ComplexNumbersTest.java:91)
ComplexNumbers.multiplicationOfDots(ComplexNumbers.java:24)
Fraction.<init>(Fraction.java:14)

[ERROR] 2017-11-16 23:08:49.865 [main] ComplexNumbers - Number of arguments is 0
[ERROR] 2017-11-16 23:08:49.865 [main] ComplexNumbers - This method should have parametrs
Trace: 
com.intellij.rt.execution.junit.JUnitStarter.main(JUnitStarter.java:70)
com.intellij.rt.execution.junit.JUnitStarter.prepareStreamsAndStart(JUnitStarter.java:242)
com.intellij.rt.execution.junit.IdeaTestRunner$Repeater.startRunnerWithArgs(IdeaTestRunner.java:47)
com.intellij.junit4.JUnit4IdeaTestRunner.startRunnerWithArgs(JUnit4IdeaTestRunner.java:68)
org.junit.runner.JUnitCore.run(JUnitCore.java:137)
org.junit.runners.ParentRunner.run(ParentRunner.java:363)
org.junit.runners.ParentRunner$2.evaluate(ParentRunner.java:268)
org.junit.runners.ParentRunner.access$000(ParentRunner.java:58)
org.junit.runners.ParentRunner.runChildren(ParentRunner.java:288)
org.junit.runners.ParentRunner$1.schedule(ParentRunner.java:71)
org.junit.runners.ParentRunner$3.run(ParentRunner.java:290)
org.junit.runners.BlockJUnit4ClassRunner.runChild(BlockJUnit4ClassRunner.java:57)
org.junit.runners.BlockJUnit4ClassRunner.runChild(BlockJUnit4ClassRunner.java:78)
org.junit.runners.ParentRunner.runLeaf(ParentRunner.java:325)
org.junit.internal.runners.statements.RunAfters.evaluate(RunAfters.java:27)
org.junit.internal.runners.statements.RunBefores.evaluate(RunBefores.java:26)
org.junit.internal.runners.statements.InvokeMethod.evaluate(InvokeMethod.java:17)
org.junit.runners.model.FrameworkMethod.invokeExplosively(FrameworkMethod.java:47)
org.junit.internal.runners.model.ReflectiveCallable.run(ReflectiveCallable.java:12)
org.junit.runners.model.FrameworkMethod$1.runReflectiveCall(FrameworkMethod.java:50)
java.base/java.lang.reflect.Method.invoke(Method.java:564)
java.base/jdk.internal.reflect.DelegatingMethodAccessorImpl.invoke(DelegatingMethodAccessorImpl.java:43)
java.base/jdk.internal.reflect.NativeMethodAccessorImpl.invoke(NativeMethodAccessorImpl.java:62)
java.base/jdk.internal.reflect.NativeMethodAccessorImpl.invoke0(Native Method)
com.company.ComlpexNumber.ComplexNumbersTest.multiplicationOfDots(ComplexNumbersTest.java:91)
ComplexNumbers.multiplicationOfDots(ComplexNumbers.java:11)
ComplexNumbers.isDataValid(ComplexNumbers.java:46)

[ERROR] 2017-11-16 23:09:09.849 [main] ComplexNumbers - Number of arguments is 0
[ERROR] 2017-11-16 23:09:09.849 [main] ComplexNumbers - This method should have parametrs
Trace: 
com.intellij.rt.execution.junit.JUnitStarter.main(JUnitStarter.java:70)
com.intellij.rt.execution.junit.JUnitStarter.prepareStreamsAndStart(JUnitStarter.java:242)
com.intellij.rt.execution.junit.IdeaTestRunner$Repeater.startRunnerWithArgs(IdeaTestRunner.java:47)
com.intellij.junit4.JUnit4IdeaTestRunner.startRunnerWithArgs(JUnit4IdeaTestRunner.java:68)
org.junit.runner.JUnitCore.run(JUnitCore.java:137)
org.junit.runners.ParentRunner.run(ParentRunner.java:363)
org.junit.runners.ParentRunner$2.evaluate(ParentRunner.java:268)
org.junit.runners.ParentRunner.access$000(ParentRunner.java:58)
org.junit.runners.ParentRunner.runChildren(ParentRunner.java:288)
org.junit.runners.ParentRunner$1.schedule(ParentRunner.java:71)
org.junit.runners.ParentRunner$3.run(ParentRunner.java:290)
org.junit.runners.BlockJUnit4ClassRunner.runChild(BlockJUnit4ClassRunner.java:57)
org.junit.runners.BlockJUnit4ClassRunner.runChild(BlockJUnit4ClassRunner.java:78)
org.junit.runners.ParentRunner.runLeaf(ParentRunner.java:325)
org.junit.internal.runners.statements.RunAfters.evaluate(RunAfters.java:27)
org.junit.internal.runners.statements.RunBefores.evaluate(RunBefores.java:26)
org.junit.internal.runners.statements.InvokeMethod.evaluate(InvokeMethod.java:17)
org.junit.runners.model.FrameworkMethod.invokeExplosively(FrameworkMethod.java:47)
org.junit.internal.runners.model.ReflectiveCallable.run(ReflectiveCallable.java:12)
org.junit.runners.model.FrameworkMethod$1.runReflectiveCall(FrameworkMethod.java:50)
java.base/java.lang.reflect.Method.invoke(Method.java:564)
java.base/jdk.internal.reflect.DelegatingMethodAccessorImpl.invoke(DelegatingMethodAccessorImpl.java:43)
java.base/jdk.internal.reflect.NativeMethodAccessorImpl.invoke(NativeMethodAccessorImpl.java:62)
java.base/jdk.internal.reflect.NativeMethodAccessorImpl.invoke0(Native Method)
com.company.ComlpexNumber.ComplexNumbersTest.multiplicationOfDots(ComplexNumbersTest.java:91)
ComplexNumbers.multiplicationOfDots(ComplexNumbers.java:11)
ComplexNumbers.isDataValid(ComplexNumbers.java:46)

[ERROR] 2017-11-16 23:09:09.849 [main] ComplexNumbers - Number of arguments is 0
[ERROR] 2017-11-16 23:09:09.849 [main] ComplexNumbers - This method should have parametrs
Trace: 
com.intellij.rt.execution.junit.JUnitStarter.main(JUnitStarter.java:70)
com.intellij.rt.execution.junit.JUnitStarter.prepareStreamsAndStart(JUnitStarter.java:242)
com.intellij.rt.execution.junit.IdeaTestRunner$Repeater.startRunnerWithArgs(IdeaTestRunner.java:47)
com.intellij.junit4.JUnit4IdeaTestRunner.startRunnerWithArgs(JUnit4IdeaTestRunner.java:68)
org.junit.runner.JUnitCore.run(JUnitCore.java:137)
org.junit.runners.ParentRunner.run(ParentRunner.java:363)
org.junit.runners.ParentRunner$2.evaluate(ParentRunner.java:268)
org.junit.runners.ParentRunner.access$000(ParentRunner.java:58)
org.junit.runners.ParentRunner.runChildren(ParentRunner.java:288)
org.junit.runners.ParentRunner$1.schedule(ParentRunner.java:71)
org.junit.runners.ParentRunner$3.run(ParentRunner.java:290)
org.junit.runners.BlockJUnit4ClassRunner.runChild(BlockJUnit4ClassRunner.java:57)
org.junit.runners.BlockJUnit4ClassRunner.runChild(BlockJUnit4ClassRunner.java:78)
org.junit.runners.ParentRunner.runLeaf(ParentRunner.java:325)
org.junit.internal.runners.statements.RunAfters.evaluate(RunAfters.java:27)
org.junit.internal.runners.statements.RunBefores.evaluate(RunBefores.java:26)
org.junit.internal.runners.statements.InvokeMethod.evaluate(InvokeMethod.java:17)
org.junit.runners.model.FrameworkMethod.invokeExplosively(FrameworkMethod.java:47)
org.junit.internal.runners.model.ReflectiveCallable.run(ReflectiveCallable.java:12)
org.junit.runners.model.FrameworkMethod$1.runReflectiveCall(FrameworkMethod.java:50)
java.base/java.lang.reflect.Method.invoke(Method.java:564)
java.base/jdk.internal.reflect.DelegatingMethodAccessorImpl.invoke(DelegatingMethodAccessorImpl.java:43)
java.base/jdk.internal.reflect.NativeMethodAccessorImpl.invoke(NativeMethodAccessorImpl.java:62)
java.base/jdk.internal.reflect.NativeMethodAccessorImpl.invoke0(Native Method)
com.company.ComlpexNumber.ComplexNumbersTest.sumOfDots(ComplexNumbersTest.java:73)
ComplexNumbers.sumOfDots(ComplexNumbers.java:28)
ComplexNumbers.isDataValid(ComplexNumbers.java:46)

[ERROR] 2017-11-16 23:09:45.115 [main] ComplexNumbers - Number of arguments is 0
[ERROR] 2017-11-16 23:09:45.115 [main] ComplexNumbers - This method should have parametrs
Trace: 
com.company.ComlpexNumber.ComplexNumbersTest.main(ComplexNumbersTest.java:32)
org.junit.runner.JUnitCore.run(JUnitCore.java:94)
org.junit.runner.JUnitCore.run(JUnitCore.java:105)
org.junit.runner.JUnitCore.run(JUnitCore.java:115)
org.junit.runner.JUnitCore.run(JUnitCore.java:137)
org.junit.runners.ParentRunner.run(ParentRunner.java:363)
org.junit.runners.ParentRunner$2.evaluate(ParentRunner.java:268)
org.junit.runners.ParentRunner.access$000(ParentRunner.java:58)
org.junit.runners.ParentRunner.runChildren(ParentRunner.java:288)
org.junit.runners.ParentRunner$1.schedule(ParentRunner.java:71)
org.junit.runners.ParentRunner$3.run(ParentRunner.java:290)
org.junit.runners.Suite.runChild(Suite.java:27)
org.junit.runners.Suite.runChild(Suite.java:128)
org.junit.runners.ParentRunner.run(ParentRunner.java:363)
org.junit.runners.ParentRunner$2.evaluate(ParentRunner.java:268)
org.junit.runners.ParentRunner.access$000(ParentRunner.java:58)
org.junit.runners.ParentRunner.runChildren(ParentRunner.java:288)
org.junit.runners.ParentRunner$1.schedule(ParentRunner.java:71)
org.junit.runners.ParentRunner$3.run(ParentRunner.java:290)
org.junit.runners.BlockJUnit4ClassRunner.runChild(BlockJUnit4ClassRunner.java:57)
org.junit.runners.BlockJUnit4ClassRunner.runChild(BlockJUnit4ClassRunner.java:78)
org.junit.runners.ParentRunner.runLeaf(ParentRunner.java:325)
org.junit.internal.runners.statements.RunAfters.evaluate(RunAfters.java:27)
org.junit.internal.runners.statements.RunBefores.evaluate(RunBefores.java:26)
org.junit.internal.runners.statements.InvokeMethod.evaluate(InvokeMethod.java:17)
org.junit.runners.model.FrameworkMethod.invokeExplosively(FrameworkMethod.java:47)
org.junit.internal.runners.model.ReflectiveCallable.run(ReflectiveCallable.java:12)
org.junit.runners.model.FrameworkMethod$1.runReflectiveCall(FrameworkMethod.java:50)
java.base/java.lang.reflect.Method.invoke(Method.java:564)
java.base/jdk.internal.reflect.DelegatingMethodAccessorImpl.invoke(DelegatingMethodAccessorImpl.java:43)
java.base/jdk.internal.reflect.NativeMethodAccessorImpl.invoke(NativeMethodAccessorImpl.java:62)
java.base/jdk.internal.reflect.NativeMethodAccessorImpl.invoke0(Native Method)
com.company.ComlpexNumber.ComplexNumbersTest.multiplicationOfDots(ComplexNumbersTest.java:91)
ComplexNumbers.multiplicationOfDots(ComplexNumbers.java:11)
ComplexNumbers.isDataValid(ComplexNumbers.java:46)

[ERROR] 2017-11-16 23:09:45.115 [main] ComplexNumbers - Number of arguments is 0
[ERROR] 2017-11-16 23:09:45.115 [main] ComplexNumbers - This method should have parametrs
Trace: 
com.company.ComlpexNumber.ComplexNumbersTest.main(ComplexNumbersTest.java:32)
org.junit.runner.JUnitCore.run(JUnitCore.java:94)
org.junit.runner.JUnitCore.run(JUnitCore.java:105)
org.junit.runner.JUnitCore.run(JUnitCore.java:115)
org.junit.runner.JUnitCore.run(JUnitCore.java:137)
org.junit.runners.ParentRunner.run(ParentRunner.java:363)
org.junit.runners.ParentRunner$2.evaluate(ParentRunner.java:268)
org.junit.runners.ParentRunner.access$000(ParentRunner.java:58)
org.junit.runners.ParentRunner.runChildren(ParentRunner.java:288)
org.junit.runners.ParentRunner$1.schedule(ParentRunner.java:71)
org.junit.runners.ParentRunner$3.run(ParentRunner.java:290)
org.junit.runners.Suite.runChild(Suite.java:27)
org.junit.runners.Suite.runChild(Suite.java:128)
org.junit.runners.ParentRunner.run(ParentRunner.java:363)
org.junit.runners.ParentRunner$2.evaluate(ParentRunner.java:268)
org.junit.runners.ParentRunner.access$000(ParentRunner.java:58)
org.junit.runners.ParentRunner.runChildren(ParentRunner.java:288)
org.junit.runners.ParentRunner$1.schedule(ParentRunner.java:71)
org.junit.runners.ParentRunner$3.run(ParentRunner.java:290)
org.junit.runners.BlockJUnit4ClassRunner.runChild(BlockJUnit4ClassRunner.java:57)
org.junit.runners.BlockJUnit4ClassRunner.runChild(BlockJUnit4ClassRunner.java:78)
org.junit.runners.ParentRunner.runLeaf(ParentRunner.java:325)
org.junit.internal.runners.statements.RunAfters.evaluate(RunAfters.java:27)
org.junit.internal.runners.statements.RunBefores.evaluate(RunBefores.java:26)
org.junit.internal.runners.statements.InvokeMethod.evaluate(InvokeMethod.java:17)
org.junit.runners.model.FrameworkMethod.invokeExplosively(FrameworkMethod.java:47)
org.junit.internal.runners.model.ReflectiveCallable.run(ReflectiveCallable.java:12)
org.junit.runners.model.FrameworkMethod$1.runReflectiveCall(FrameworkMethod.java:50)
java.base/java.lang.reflect.Method.invoke(Method.java:564)
java.base/jdk.internal.reflect.DelegatingMethodAccessorImpl.invoke(DelegatingMethodAccessorImpl.java:43)
java.base/jdk.internal.reflect.NativeMethodAccessorImpl.invoke(NativeMethodAccessorImpl.java:62)
java.base/jdk.internal.reflect.NativeMethodAccessorImpl.invoke0(Native Method)
com.company.ComlpexNumber.ComplexNumbersTest.sumOfDots(ComplexNumbersTest.java:73)
ComplexNumbers.sumOfDots(ComplexNumbers.java:28)
ComplexNumbers.isDataValid(ComplexNumbers.java:46)

[ERROR] 2017-11-16 23:10:58.645 [main] ComplexNumbers - Number of arguments is 0
[ERROR] 2017-11-16 23:10:58.645 [main] ComplexNumbers - This method should have parametrs
Trace: 
com.company.ComlpexNumber.ComplexNumbersTest.main(ComplexNumbersTest.java:32)
org.junit.runner.JUnitCore.run(JUnitCore.java:94)
org.junit.runner.JUnitCore.run(JUnitCore.java:105)
org.junit.runner.JUnitCore.run(JUnitCore.java:115)
org.junit.runner.JUnitCore.run(JUnitCore.java:137)
org.junit.runners.ParentRunner.run(ParentRunner.java:363)
org.junit.runners.ParentRunner$2.evaluate(ParentRunner.java:268)
org.junit.runners.ParentRunner.access$000(ParentRunner.java:58)
org.junit.runners.ParentRunner.runChildren(ParentRunner.java:288)
org.junit.runners.ParentRunner$1.schedule(ParentRunner.java:71)
org.junit.runners.ParentRunner$3.run(ParentRunner.java:290)
org.junit.runners.Suite.runChild(Suite.java:27)
org.junit.runners.Suite.runChild(Suite.java:128)
org.junit.runners.ParentRunner.run(ParentRunner.java:363)
org.junit.runners.ParentRunner$2.evaluate(ParentRunner.java:268)
org.junit.runners.ParentRunner.access$000(ParentRunner.java:58)
org.junit.runners.ParentRunner.runChildren(ParentRunner.java:288)
org.junit.runners.ParentRunner$1.schedule(ParentRunner.java:71)
org.junit.runners.ParentRunner$3.run(ParentRunner.java:290)
org.junit.runners.BlockJUnit4ClassRunner.runChild(BlockJUnit4ClassRunner.java:57)
org.junit.runners.BlockJUnit4ClassRunner.runChild(BlockJUnit4ClassRunner.java:78)
org.junit.runners.ParentRunner.runLeaf(ParentRunner.java:325)
org.junit.internal.runners.statements.RunAfters.evaluate(RunAfters.java:27)
org.junit.internal.runners.statements.RunBefores.evaluate(RunBefores.java:26)
org.junit.internal.runners.statements.InvokeMethod.evaluate(InvokeMethod.java:17)
org.junit.runners.model.FrameworkMethod.invokeExplosively(FrameworkMethod.java:47)
org.junit.internal.runners.model.ReflectiveCallable.run(ReflectiveCallable.java:12)
org.junit.runners.model.FrameworkMethod$1.runReflectiveCall(FrameworkMethod.java:50)
java.base/java.lang.reflect.Method.invoke(Method.java:564)
java.base/jdk.internal.reflect.DelegatingMethodAccessorImpl.invoke(DelegatingMethodAccessorImpl.java:43)
java.base/jdk.internal.reflect.NativeMethodAccessorImpl.invoke(NativeMethodAccessorImpl.java:62)
java.base/jdk.internal.reflect.NativeMethodAccessorImpl.invoke0(Native Method)
com.company.ComlpexNumber.ComplexNumbersTest.multiplicationOfDots(ComplexNumbersTest.java:91)
ComplexNumbers.multiplicationOfDots(ComplexNumbers.java:11)
ComplexNumbers.isDataValid(ComplexNumbers.java:46)

[ERROR] 2017-11-16 23:10:58.645 [main] ComplexNumbers - Number of arguments is 0
[ERROR] 2017-11-16 23:10:58.645 [main] ComplexNumbers - This method should have parametrs
Trace: 
com.company.ComlpexNumber.ComplexNumbersTest.main(ComplexNumbersTest.java:32)
org.junit.runner.JUnitCore.run(JUnitCore.java:94)
org.junit.runner.JUnitCore.run(JUnitCore.java:105)
org.junit.runner.JUnitCore.run(JUnitCore.java:115)
org.junit.runner.JUnitCore.run(JUnitCore.java:137)
org.junit.runners.ParentRunner.run(ParentRunner.java:363)
org.junit.runners.ParentRunner$2.evaluate(ParentRunner.java:268)
org.junit.runners.ParentRunner.access$000(ParentRunner.java:58)
org.junit.runners.ParentRunner.runChildren(ParentRunner.java:288)
org.junit.runners.ParentRunner$1.schedule(ParentRunner.java:71)
org.junit.runners.ParentRunner$3.run(ParentRunner.java:290)
org.junit.runners.Suite.runChild(Suite.java:27)
org.junit.runners.Suite.runChild(Suite.java:128)
org.junit.runners.ParentRunner.run(ParentRunner.java:363)
org.junit.runners.ParentRunner$2.evaluate(ParentRunner.java:268)
org.junit.runners.ParentRunner.access$000(ParentRunner.java:58)
org.junit.runners.ParentRunner.runChildren(ParentRunner.java:288)
org.junit.runners.ParentRunner$1.schedule(ParentRunner.java:71)
org.junit.runners.ParentRunner$3.run(ParentRunner.java:290)
org.junit.runners.BlockJUnit4ClassRunner.runChild(BlockJUnit4ClassRunner.java:57)
org.junit.runners.BlockJUnit4ClassRunner.runChild(BlockJUnit4ClassRunner.java:78)
org.junit.runners.ParentRunner.runLeaf(ParentRunner.java:325)
org.junit.internal.runners.statements.RunAfters.evaluate(RunAfters.java:27)
org.junit.internal.runners.statements.RunBefores.evaluate(RunBefores.java:26)
org.junit.internal.runners.statements.InvokeMethod.evaluate(InvokeMethod.java:17)
org.junit.runners.model.FrameworkMethod.invokeExplosively(FrameworkMethod.java:47)
org.junit.internal.runners.model.ReflectiveCallable.run(ReflectiveCallable.java:12)
org.junit.runners.model.FrameworkMethod$1.runReflectiveCall(FrameworkMethod.java:50)
java.base/java.lang.reflect.Method.invoke(Method.java:564)
java.base/jdk.internal.reflect.DelegatingMethodAccessorImpl.invoke(DelegatingMethodAccessorImpl.java:43)
java.base/jdk.internal.reflect.NativeMethodAccessorImpl.invoke(NativeMethodAccessorImpl.java:62)
java.base/jdk.internal.reflect.NativeMethodAccessorImpl.invoke0(Native Method)
com.company.ComlpexNumber.ComplexNumbersTest.sumOfDots(ComplexNumbersTest.java:73)
ComplexNumbers.sumOfDots(ComplexNumbers.java:28)
ComplexNumbers.isDataValid(ComplexNumbers.java:46)

[ERROR] 2017-11-19 12:29:17.830 [main] Exceptions - This method should have parametrs
Trace: 
com.company.ComlpexNumber.ComplexNumbersTest.main(ComplexNumbersTest.java:32)
org.junit.runner.JUnitCore.run(JUnitCore.java:94)
org.junit.runner.JUnitCore.run(JUnitCore.java:105)
org.junit.runner.JUnitCore.run(JUnitCore.java:115)
org.junit.runner.JUnitCore.run(JUnitCore.java:137)
org.junit.runners.ParentRunner.run(ParentRunner.java:363)
org.junit.runners.ParentRunner$2.evaluate(ParentRunner.java:268)
org.junit.runners.ParentRunner.access$000(ParentRunner.java:58)
org.junit.runners.ParentRunner.runChildren(ParentRunner.java:288)
org.junit.runners.ParentRunner$1.schedule(ParentRunner.java:71)
org.junit.runners.ParentRunner$3.run(ParentRunner.java:290)
org.junit.runners.Suite.runChild(Suite.java:27)
org.junit.runners.Suite.runChild(Suite.java:128)
org.junit.runners.ParentRunner.run(ParentRunner.java:363)
org.junit.runners.ParentRunner$2.evaluate(ParentRunner.java:268)
org.junit.runners.ParentRunner.access$000(ParentRunner.java:58)
org.junit.runners.ParentRunner.runChildren(ParentRunner.java:288)
org.junit.runners.ParentRunner$1.schedule(ParentRunner.java:71)
org.junit.runners.ParentRunner$3.run(ParentRunner.java:290)
org.junit.runners.BlockJUnit4ClassRunner.runChild(BlockJUnit4ClassRunner.java:57)
org.junit.runners.BlockJUnit4ClassRunner.runChild(BlockJUnit4ClassRunner.java:78)
org.junit.runners.ParentRunner.runLeaf(ParentRunner.java:325)
org.junit.internal.runners.statements.RunAfters.evaluate(RunAfters.java:27)
org.junit.internal.runners.statements.RunBefores.evaluate(RunBefores.java:26)
org.junit.internal.runners.statements.InvokeMethod.evaluate(InvokeMethod.java:17)
org.junit.runners.model.FrameworkMethod.invokeExplosively(FrameworkMethod.java:47)
org.junit.internal.runners.model.ReflectiveCallable.run(ReflectiveCallable.java:12)
org.junit.runners.model.FrameworkMethod$1.runReflectiveCall(FrameworkMethod.java:50)
java.base/java.lang.reflect.Method.invoke(Method.java:564)
java.base/jdk.internal.reflect.DelegatingMethodAccessorImpl.invoke(DelegatingMethodAccessorImpl.java:43)
java.base/jdk.internal.reflect.NativeMethodAccessorImpl.invoke(NativeMethodAccessorImpl.java:62)
java.base/jdk.internal.reflect.NativeMethodAccessorImpl.invoke0(Native Method)
com.company.ComlpexNumber.ComplexNumbersTest.multiplicationOfDots(ComplexNumbersTest.java:91)
ComplexNumbers.multiplicationOfDots(ComplexNumbers.java:10)
ComplexNumbers.isDataValid(ComplexNumbers.java:46)

[ERROR] 2017-11-19 12:29:17.830 [main] Exceptions - This method should have parametrs
Trace: 
com.company.ComlpexNumber.ComplexNumbersTest.main(ComplexNumbersTest.java:32)
org.junit.runner.JUnitCore.run(JUnitCore.java:94)
org.junit.runner.JUnitCore.run(JUnitCore.java:105)
org.junit.runner.JUnitCore.run(JUnitCore.java:115)
org.junit.runner.JUnitCore.run(JUnitCore.java:137)
org.junit.runners.ParentRunner.run(ParentRunner.java:363)
org.junit.runners.ParentRunner$2.evaluate(ParentRunner.java:268)
org.junit.runners.ParentRunner.access$000(ParentRunner.java:58)
org.junit.runners.ParentRunner.runChildren(ParentRunner.java:288)
org.junit.runners.ParentRunner$1.schedule(ParentRunner.java:71)
org.junit.runners.ParentRunner$3.run(ParentRunner.java:290)
org.junit.runners.Suite.runChild(Suite.java:27)
org.junit.runners.Suite.runChild(Suite.java:128)
org.junit.runners.ParentRunner.run(ParentRunner.java:363)
org.junit.runners.ParentRunner$2.evaluate(ParentRunner.java:268)
org.junit.runners.ParentRunner.access$000(ParentRunner.java:58)
org.junit.runners.ParentRunner.runChildren(ParentRunner.java:288)
org.junit.runners.ParentRunner$1.schedule(ParentRunner.java:71)
org.junit.runners.ParentRunner$3.run(ParentRunner.java:290)
org.junit.runners.BlockJUnit4ClassRunner.runChild(BlockJUnit4ClassRunner.java:57)
org.junit.runners.BlockJUnit4ClassRunner.runChild(BlockJUnit4ClassRunner.java:78)
org.junit.runners.ParentRunner.runLeaf(ParentRunner.java:325)
org.junit.internal.runners.statements.RunAfters.evaluate(RunAfters.java:27)
org.junit.internal.runners.statements.RunBefores.evaluate(RunBefores.java:26)
org.junit.internal.runners.statements.InvokeMethod.evaluate(InvokeMethod.java:17)
org.junit.runners.model.FrameworkMethod.invokeExplosively(FrameworkMethod.java:47)
org.junit.internal.runners.model.ReflectiveCallable.run(ReflectiveCallable.java:12)
org.junit.runners.model.FrameworkMethod$1.runReflectiveCall(FrameworkMethod.java:50)
java.base/java.lang.reflect.Method.invoke(Method.java:564)
java.base/jdk.internal.reflect.DelegatingMethodAccessorImpl.invoke(DelegatingMethodAccessorImpl.java:43)
java.base/jdk.internal.reflect.NativeMethodAccessorImpl.invoke(NativeMethodAccessorImpl.java:62)
java.base/jdk.internal.reflect.NativeMethodAccessorImpl.invoke0(Native Method)
com.company.ComlpexNumber.ComplexNumbersTest.sumOfDots(ComplexNumbersTest.java:73)
ComplexNumbers.sumOfDots(ComplexNumbers.java:27)
ComplexNumbers.isDataValid(ComplexNumbers.java:46)

[ERROR] 2017-11-19 12:51:36.260 [main] Exceptions - You should enter integer number
Trace: 
com.company.Run.Main.main(Main.java:27)
com.company.Run.Main.createComplexNumber(Main.java:62)
java.base/java.lang.Integer.parseInt(Integer.java:770)
java.base/java.lang.Integer.parseInt(Integer.java:652)
java.base/java.lang.NumberFormatException.forInputString(NumberFormatException.java:65)

[ERROR] 2017-11-19 23:02:39.792 [main] Exceptions - You should enter integer number
Trace: 
com.company.Run.Main.main(Main.java:18)
java.base/java.lang.Integer.parseInt(Integer.java:770)
java.base/java.lang.Integer.parseInt(Integer.java:652)
java.base/java.lang.NumberFormatException.forInputString(NumberFormatException.java:65)

